0 info it worked if it ends with ok
1 verbose cli [ 'C:\\Program Files\\nodejs\\node.exe',
1 verbose cli   'C:\\Program Files\\nodejs\\node_modules\\npm\\bin\\npm-cli.js',
1 verbose cli   'install' ]
2 info using npm@3.10.3
3 info using node@v6.3.1
4 silly loadCurrentTree Starting
5 silly install loadCurrentTree
6 silly install readLocalPackageData
7 silly install normalizeTree
8 silly loadCurrentTree Finishing
9 silly loadIdealTree Starting
10 silly install loadIdealTree
11 silly cloneCurrentTree Starting
12 silly install cloneCurrentTreeToIdealTree
13 silly cloneCurrentTree Finishing
14 silly loadShrinkwrap Starting
15 silly install loadShrinkwrap
16 silly loadShrinkwrap Finishing
17 silly loadAllDepsIntoIdealTree Starting
18 silly install loadAllDepsIntoIdealTree
19 silly fetchNamedPackageData fsevents
20 silly mapToRegistry name fsevents
21 silly mapToRegistry using default registry
22 silly mapToRegistry registry https://registry.npmjs.org/
23 silly mapToRegistry data Result {
23 silly mapToRegistry   raw: 'fsevents',
23 silly mapToRegistry   scope: null,
23 silly mapToRegistry   escapedName: 'fsevents',
23 silly mapToRegistry   name: 'fsevents',
23 silly mapToRegistry   rawSpec: '',
23 silly mapToRegistry   spec: 'latest',
23 silly mapToRegistry   type: 'tag' }
24 silly mapToRegistry uri https://registry.npmjs.org/fsevents
25 verbose request uri https://registry.npmjs.org/fsevents
26 verbose request no auth needed
27 info attempt registry request try #1 at 4:15:07 PM
28 verbose request id d2eb7f4bb1c25777
29 verbose etag "1IUUBBNAFSLRNOMEHDGNJ1LTJ"
30 http request GET https://registry.npmjs.org/fsevents
31 http 304 https://registry.npmjs.org/fsevents
32 verbose headers { date: 'Tue, 02 Aug 2016 20:15:06 GMT',
32 verbose headers   via: '1.1 varnish',
32 verbose headers   'cache-control': 'max-age=300',
32 verbose headers   etag: '"1IUUBBNAFSLRNOMEHDGNJ1LTJ"',
32 verbose headers   age: '73',
32 verbose headers   connection: 'keep-alive',
32 verbose headers   'x-served-by': 'cache-ord1730-ORD',
32 verbose headers   'x-cache': 'HIT',
32 verbose headers   'x-cache-hits': '5',
32 verbose headers   'x-timer': 'S1470168906.638793,VS0,VE0',
32 verbose headers   vary: 'Accept-Encoding' }
33 silly get cb [ 304,
33 silly get   { date: 'Tue, 02 Aug 2016 20:15:06 GMT',
33 silly get     via: '1.1 varnish',
33 silly get     'cache-control': 'max-age=300',
33 silly get     etag: '"1IUUBBNAFSLRNOMEHDGNJ1LTJ"',
33 silly get     age: '73',
33 silly get     connection: 'keep-alive',
33 silly get     'x-served-by': 'cache-ord1730-ORD',
33 silly get     'x-cache': 'HIT',
33 silly get     'x-cache-hits': '5',
33 silly get     'x-timer': 'S1470168906.638793,VS0,VE0',
33 silly get     vary: 'Accept-Encoding' } ]
34 verbose etag https://registry.npmjs.org/fsevents from cache
35 verbose get saving fsevents to C:\Users\Training\AppData\Roaming\npm-cache\registry.npmjs.org\fsevents\.cache.json
36 verbose correctMkdir C:\Users\Training\AppData\Roaming\npm-cache correctMkdir not in flight; initializing
37 silly resolveWithNewModule fsevents@1.0.14 checking installable status
38 silly loadAllDepsIntoIdealTree Finishing
39 silly loadIdealTree Finishing
40 silly currentTree romannumerals@1.0.0
40 silly currentTree +-- accepts@1.1.4
40 silly currentTree | +-- mime-db@1.12.0
40 silly currentTree | `-- mime-types@2.0.14
40 silly currentTree +-- after@0.8.1
40 silly currentTree +-- anymatch@1.3.0
40 silly currentTree +-- arr-diff@2.0.0
40 silly currentTree +-- arr-flatten@1.0.1
40 silly currentTree +-- array-slice@0.2.3
40 silly currentTree +-- array-unique@0.2.1
40 silly currentTree +-- arraybuffer.slice@0.0.6
40 silly currentTree +-- arrify@1.0.1
40 silly currentTree +-- async-each@1.0.0
40 silly currentTree +-- backo2@1.0.2
40 silly currentTree +-- balanced-match@0.4.2
40 silly currentTree +-- base64-arraybuffer@0.1.2
40 silly currentTree +-- base64id@0.1.0
40 silly currentTree +-- benchmark@1.0.0
40 silly currentTree +-- better-assert@1.0.2
40 silly currentTree +-- binary-extensions@1.5.0
40 silly currentTree +-- blob@0.0.4
40 silly currentTree +-- bluebird@3.4.1
40 silly currentTree +-- body-parser@1.15.2
40 silly currentTree +-- bower@1.7.9
40 silly currentTree +-- brace-expansion@1.1.6
40 silly currentTree +-- braces@1.8.5
40 silly currentTree +-- buffer-shims@1.0.0
40 silly currentTree +-- bytes@2.4.0
40 silly currentTree +-- callsite@1.0.0
40 silly currentTree +-- chokidar@1.6.0
40 silly currentTree +-- colors@1.1.2
40 silly currentTree +-- combine-lists@1.0.0
40 silly currentTree | `-- lodash@4.14.1
40 silly currentTree +-- component-bind@1.0.0
40 silly currentTree +-- component-emitter@1.1.2
40 silly currentTree +-- component-inherit@0.0.3
40 silly currentTree +-- concat-map@0.0.1
40 silly currentTree +-- connect@3.4.1
40 silly currentTree +-- content-type@1.0.2
40 silly currentTree +-- core-js@2.4.1
40 silly currentTree +-- core-util-is@1.0.2
40 silly currentTree +-- custom-event@1.0.0
40 silly currentTree +-- debug@2.2.0
40 silly currentTree +-- depd@1.1.0
40 silly currentTree +-- di@0.0.1
40 silly currentTree +-- dom-serialize@2.2.1
40 silly currentTree +-- ee-first@1.1.1
40 silly currentTree +-- engine.io-client@1.6.9
40 silly currentTree | +-- engine.io-parser@1.2.4
40 silly currentTree | +-- has-binary@0.1.6
40 silly currentTree | `-- isarray@0.0.1
40 silly currentTree +-- engine.io-parser
40 silly currentTree | +-- has-binary@0.1.6
40 silly currentTree | `-- isarray@0.0.1
40 silly currentTree +-- engine.io@1.6.10
40 silly currentTree | +-- engine.io-parser@1.2.4
40 silly currentTree | +-- has-binary@0.1.6
40 silly currentTree | `-- isarray@0.0.1
40 silly currentTree +-- ent@2.2.0
40 silly currentTree +-- escape-html@1.0.3
40 silly currentTree +-- eventemitter3@1.2.0
40 silly currentTree +-- exit@0.1.2
40 silly currentTree +-- expand-braces@0.1.2
40 silly currentTree | +-- braces@0.1.5
40 silly currentTree | +-- expand-range@0.1.1
40 silly currentTree | +-- is-number@0.1.1
40 silly currentTree | `-- repeat-string@0.2.2
40 silly currentTree +-- expand-brackets@0.1.5
40 silly currentTree +-- expand-range@1.8.2
40 silly currentTree +-- extend@3.0.0
40 silly currentTree +-- extglob@0.3.2
40 silly currentTree +-- filename-regex@2.0.0
40 silly currentTree +-- fill-range@2.2.3
40 silly currentTree +-- finalhandler@0.4.1
40 silly currentTree +-- for-in@0.1.5
40 silly currentTree +-- for-own@0.1.4
40 silly currentTree +-- fs-access@1.0.0
40 silly currentTree +-- fs.realpath@1.0.0
40 silly currentTree +-- glob-base@0.3.0
40 silly currentTree +-- glob-parent@2.0.0
40 silly currentTree +-- glob@3.2.11
40 silly currentTree +-- graceful-fs@4.1.5
40 silly currentTree +-- has-binary@0.1.7
40 silly currentTree | `-- isarray@0.0.1
40 silly currentTree +-- has-cors@1.1.0
40 silly currentTree +-- http-errors@1.5.0
40 silly currentTree +-- http-proxy@1.14.0
40 silly currentTree +-- iconv-lite@0.4.13
40 silly currentTree +-- indexof@0.0.1
40 silly currentTree +-- inflight@1.0.5
40 silly currentTree +-- inherits@2.0.1
40 silly currentTree +-- is-binary-path@1.0.1
40 silly currentTree +-- is-buffer@1.1.3
40 silly currentTree +-- is-dotfile@1.0.2
40 silly currentTree +-- is-equal-shallow@0.1.3
40 silly currentTree +-- is-extendable@0.1.1
40 silly currentTree +-- is-extglob@1.0.0
40 silly currentTree +-- is-glob@2.0.1
40 silly currentTree +-- is-number@2.1.0
40 silly currentTree +-- is-posix-bracket@0.1.1
40 silly currentTree +-- is-primitive@2.0.0
40 silly currentTree +-- isarray@1.0.0
40 silly currentTree +-- isbinaryfile@3.0.0
40 silly currentTree +-- isexe@1.1.2
40 silly currentTree +-- isobject@2.1.0
40 silly currentTree +-- jasmine-core@2.4.1
40 silly currentTree +-- jasmine@2.4.1
40 silly currentTree +-- json3@3.2.6
40 silly currentTree +-- karma-chrome-launcher@1.0.1
40 silly currentTree +-- karma-jasmine@1.0.2
40 silly currentTree +-- karma@1.1.2
40 silly currentTree | +-- glob@7.0.5
40 silly currentTree | +-- isarray@0.0.1
40 silly currentTree | +-- log4js@0.6.38
40 silly currentTree | +-- minimatch@3.0.2
40 silly currentTree | `-- readable-stream@1.0.34
40 silly currentTree +-- kind-of@3.0.4
40 silly currentTree +-- lodash@3.10.1
40 silly currentTree +-- log4js
40 silly currentTree | `-- isarray@0.0.1
40 silly currentTree +-- lru-cache@2.7.3
40 silly currentTree +-- media-typer@0.3.0
40 silly currentTree +-- micromatch@2.3.11
40 silly currentTree +-- mime-db@1.23.0
40 silly currentTree +-- mime-types@2.1.11
40 silly currentTree +-- mime@1.3.4
40 silly currentTree +-- minimatch@0.3.0
40 silly currentTree +-- minimist@0.0.10
40 silly currentTree +-- ms@0.7.1
40 silly currentTree +-- negotiator@0.4.9
40 silly currentTree +-- normalize-path@2.0.1
40 silly currentTree +-- null-check@1.0.0
40 silly currentTree +-- object-component@0.0.3
40 silly currentTree +-- object.omit@2.0.0
40 silly currentTree +-- on-finished@2.3.0
40 silly currentTree +-- once@1.3.3
40 silly currentTree +-- optimist@0.6.1
40 silly currentTree +-- options@0.0.6
40 silly currentTree +-- os-tmpdir@1.0.1
40 silly currentTree +-- parse-glob@3.0.4
40 silly currentTree +-- parsejson@0.0.1
40 silly currentTree +-- parseqs@0.0.2
40 silly currentTree +-- parseuri@0.0.4
40 silly currentTree +-- parseurl@1.3.1
40 silly currentTree +-- path-is-absolute@1.0.0
40 silly currentTree +-- preserve@0.2.0
40 silly currentTree +-- process-nextick-args@1.0.7
40 silly currentTree +-- qjobs@1.1.4
40 silly currentTree +-- qs@6.2.0
40 silly currentTree +-- randomatic@1.1.5
40 silly currentTree +-- raw-body@2.1.7
40 silly currentTree +-- readable-stream@2.1.4
40 silly currentTree +-- readdirp@2.1.0
40 silly currentTree | `-- minimatch@3.0.2
40 silly currentTree +-- regex-cache@0.4.3
40 silly currentTree +-- repeat-element@1.1.2
40 silly currentTree +-- repeat-string@1.5.4
40 silly currentTree +-- requires-port@1.0.0
40 silly currentTree +-- rimraf@2.5.4
40 silly currentTree | +-- glob@7.0.5
40 silly currentTree | `-- minimatch@3.0.2
40 silly currentTree +-- semver@4.3.6
40 silly currentTree +-- set-immediate-shim@1.0.1
40 silly currentTree +-- setprototypeof@1.0.1
40 silly currentTree +-- sigmund@1.0.1
40 silly currentTree +-- socket.io-adapter@0.4.0
40 silly currentTree | +-- isarray@0.0.1
40 silly currentTree | `-- socket.io-parser@2.2.2
40 silly currentTree |   `-- debug@0.7.4
40 silly currentTree +-- socket.io-client@1.4.6
40 silly currentTree | `-- component-emitter@1.2.0
40 silly currentTree +-- socket.io-parser@2.2.6
40 silly currentTree | +-- isarray@0.0.1
40 silly currentTree | `-- json3@3.3.2
40 silly currentTree +-- socket.io@1.4.7
40 silly currentTree +-- source-map@0.5.6
40 silly currentTree +-- statuses@1.3.0
40 silly currentTree +-- string_decoder@0.10.31
40 silly currentTree +-- tmp@0.0.28
40 silly currentTree +-- to-array@0.1.4
40 silly currentTree +-- type-is@1.6.13
40 silly currentTree +-- ultron@1.0.2
40 silly currentTree +-- unpipe@1.0.0
40 silly currentTree +-- useragent@2.1.9
40 silly currentTree | `-- lru-cache@2.2.4
40 silly currentTree +-- utf8@2.1.0
40 silly currentTree +-- util-deprecate@1.0.2
40 silly currentTree +-- utils-merge@1.0.0
40 silly currentTree +-- void-elements@2.0.1
40 silly currentTree +-- which@1.2.10
40 silly currentTree +-- wordwrap@0.0.3
40 silly currentTree +-- wrappy@1.0.2
40 silly currentTree +-- ws@1.0.1
40 silly currentTree +-- xmlhttprequest-ssl@1.5.1
40 silly currentTree `-- yeast@0.1.2
41 silly idealTree romannumerals@1.0.0
41 silly idealTree +-- accepts@1.1.4
41 silly idealTree | +-- mime-db@1.12.0
41 silly idealTree | `-- mime-types@2.0.14
41 silly idealTree +-- after@0.8.1
41 silly idealTree +-- anymatch@1.3.0
41 silly idealTree +-- arr-diff@2.0.0
41 silly idealTree +-- arr-flatten@1.0.1
41 silly idealTree +-- array-slice@0.2.3
41 silly idealTree +-- array-unique@0.2.1
41 silly idealTree +-- arraybuffer.slice@0.0.6
41 silly idealTree +-- arrify@1.0.1
41 silly idealTree +-- async-each@1.0.0
41 silly idealTree +-- backo2@1.0.2
41 silly idealTree +-- balanced-match@0.4.2
41 silly idealTree +-- base64-arraybuffer@0.1.2
41 silly idealTree +-- base64id@0.1.0
41 silly idealTree +-- benchmark@1.0.0
41 silly idealTree +-- better-assert@1.0.2
41 silly idealTree +-- binary-extensions@1.5.0
41 silly idealTree +-- blob@0.0.4
41 silly idealTree +-- bluebird@3.4.1
41 silly idealTree +-- body-parser@1.15.2
41 silly idealTree +-- bower@1.7.9
41 silly idealTree +-- brace-expansion@1.1.6
41 silly idealTree +-- braces@1.8.5
41 silly idealTree +-- buffer-shims@1.0.0
41 silly idealTree +-- bytes@2.4.0
41 silly idealTree +-- callsite@1.0.0
41 silly idealTree +-- chokidar@1.6.0
41 silly idealTree +-- colors@1.1.2
41 silly idealTree +-- combine-lists@1.0.0
41 silly idealTree | `-- lodash@4.14.1
41 silly idealTree +-- component-bind@1.0.0
41 silly idealTree +-- component-emitter@1.1.2
41 silly idealTree +-- component-inherit@0.0.3
41 silly idealTree +-- concat-map@0.0.1
41 silly idealTree +-- connect@3.4.1
41 silly idealTree +-- content-type@1.0.2
41 silly idealTree +-- core-js@2.4.1
41 silly idealTree +-- core-util-is@1.0.2
41 silly idealTree +-- custom-event@1.0.0
41 silly idealTree +-- debug@2.2.0
41 silly idealTree +-- depd@1.1.0
41 silly idealTree +-- di@0.0.1
41 silly idealTree +-- dom-serialize@2.2.1
41 silly idealTree +-- ee-first@1.1.1
41 silly idealTree +-- engine.io-client@1.6.9
41 silly idealTree | +-- engine.io-parser@1.2.4
41 silly idealTree | +-- has-binary@0.1.6
41 silly idealTree | `-- isarray@0.0.1
41 silly idealTree +-- engine.io-parser
41 silly idealTree | +-- has-binary@0.1.6
41 silly idealTree | `-- isarray@0.0.1
41 silly idealTree +-- engine.io@1.6.10
41 silly idealTree | +-- engine.io-parser@1.2.4
41 silly idealTree | +-- has-binary@0.1.6
41 silly idealTree | `-- isarray@0.0.1
41 silly idealTree +-- ent@2.2.0
41 silly idealTree +-- escape-html@1.0.3
41 silly idealTree +-- eventemitter3@1.2.0
41 silly idealTree +-- exit@0.1.2
41 silly idealTree +-- expand-braces@0.1.2
41 silly idealTree | +-- braces@0.1.5
41 silly idealTree | +-- expand-range@0.1.1
41 silly idealTree | +-- is-number@0.1.1
41 silly idealTree | `-- repeat-string@0.2.2
41 silly idealTree +-- expand-brackets@0.1.5
41 silly idealTree +-- expand-range@1.8.2
41 silly idealTree +-- extend@3.0.0
41 silly idealTree +-- extglob@0.3.2
41 silly idealTree +-- filename-regex@2.0.0
41 silly idealTree +-- fill-range@2.2.3
41 silly idealTree +-- finalhandler@0.4.1
41 silly idealTree +-- for-in@0.1.5
41 silly idealTree +-- for-own@0.1.4
41 silly idealTree +-- fs-access@1.0.0
41 silly idealTree +-- fs.realpath@1.0.0
41 silly idealTree +-- glob-base@0.3.0
41 silly idealTree +-- glob-parent@2.0.0
41 silly idealTree +-- glob@3.2.11
41 silly idealTree +-- graceful-fs@4.1.5
41 silly idealTree +-- has-binary@0.1.7
41 silly idealTree | `-- isarray@0.0.1
41 silly idealTree +-- has-cors@1.1.0
41 silly idealTree +-- http-errors@1.5.0
41 silly idealTree +-- http-proxy@1.14.0
41 silly idealTree +-- iconv-lite@0.4.13
41 silly idealTree +-- indexof@0.0.1
41 silly idealTree +-- inflight@1.0.5
41 silly idealTree +-- inherits@2.0.1
41 silly idealTree +-- is-binary-path@1.0.1
41 silly idealTree +-- is-buffer@1.1.3
41 silly idealTree +-- is-dotfile@1.0.2
41 silly idealTree +-- is-equal-shallow@0.1.3
41 silly idealTree +-- is-extendable@0.1.1
41 silly idealTree +-- is-extglob@1.0.0
41 silly idealTree +-- is-glob@2.0.1
41 silly idealTree +-- is-number@2.1.0
41 silly idealTree +-- is-posix-bracket@0.1.1
41 silly idealTree +-- is-primitive@2.0.0
41 silly idealTree +-- isarray@1.0.0
41 silly idealTree +-- isbinaryfile@3.0.0
41 silly idealTree +-- isexe@1.1.2
41 silly idealTree +-- isobject@2.1.0
41 silly idealTree +-- jasmine-core@2.4.1
41 silly idealTree +-- jasmine@2.4.1
41 silly idealTree +-- json3@3.2.6
41 silly idealTree +-- karma-chrome-launcher@1.0.1
41 silly idealTree +-- karma-jasmine@1.0.2
41 silly idealTree +-- karma@1.1.2
41 silly idealTree | +-- glob@7.0.5
41 silly idealTree | +-- isarray@0.0.1
41 silly idealTree | +-- log4js@0.6.38
41 silly idealTree | +-- minimatch@3.0.2
41 silly idealTree | `-- readable-stream@1.0.34
41 silly idealTree +-- kind-of@3.0.4
41 silly idealTree +-- lodash@3.10.1
41 silly idealTree +-- log4js
41 silly idealTree | `-- isarray@0.0.1
41 silly idealTree +-- lru-cache@2.7.3
41 silly idealTree +-- media-typer@0.3.0
41 silly idealTree +-- micromatch@2.3.11
41 silly idealTree +-- mime-db@1.23.0
41 silly idealTree +-- mime-types@2.1.11
41 silly idealTree +-- mime@1.3.4
41 silly idealTree +-- minimatch@0.3.0
41 silly idealTree +-- minimist@0.0.10
41 silly idealTree +-- ms@0.7.1
41 silly idealTree +-- negotiator@0.4.9
41 silly idealTree +-- normalize-path@2.0.1
41 silly idealTree +-- null-check@1.0.0
41 silly idealTree +-- object-component@0.0.3
41 silly idealTree +-- object.omit@2.0.0
41 silly idealTree +-- on-finished@2.3.0
41 silly idealTree +-- once@1.3.3
41 silly idealTree +-- optimist@0.6.1
41 silly idealTree +-- options@0.0.6
41 silly idealTree +-- os-tmpdir@1.0.1
41 silly idealTree +-- parse-glob@3.0.4
41 silly idealTree +-- parsejson@0.0.1
41 silly idealTree +-- parseqs@0.0.2
41 silly idealTree +-- parseuri@0.0.4
41 silly idealTree +-- parseurl@1.3.1
41 silly idealTree +-- path-is-absolute@1.0.0
41 silly idealTree +-- preserve@0.2.0
41 silly idealTree +-- process-nextick-args@1.0.7
41 silly idealTree +-- qjobs@1.1.4
41 silly idealTree +-- qs@6.2.0
41 silly idealTree +-- randomatic@1.1.5
41 silly idealTree +-- raw-body@2.1.7
41 silly idealTree +-- readable-stream@2.1.4
41 silly idealTree +-- readdirp@2.1.0
41 silly idealTree | `-- minimatch@3.0.2
41 silly idealTree +-- regex-cache@0.4.3
41 silly idealTree +-- repeat-element@1.1.2
41 silly idealTree +-- repeat-string@1.5.4
41 silly idealTree +-- requires-port@1.0.0
41 silly idealTree +-- rimraf@2.5.4
41 silly idealTree | +-- glob@7.0.5
41 silly idealTree | `-- minimatch@3.0.2
41 silly idealTree +-- semver@4.3.6
41 silly idealTree +-- set-immediate-shim@1.0.1
41 silly idealTree +-- setprototypeof@1.0.1
41 silly idealTree +-- sigmund@1.0.1
41 silly idealTree +-- socket.io-adapter@0.4.0
41 silly idealTree | +-- isarray@0.0.1
41 silly idealTree | `-- socket.io-parser@2.2.2
41 silly idealTree |   `-- debug@0.7.4
41 silly idealTree +-- socket.io-client@1.4.6
41 silly idealTree | `-- component-emitter@1.2.0
41 silly idealTree +-- socket.io-parser@2.2.6
41 silly idealTree | +-- isarray@0.0.1
41 silly idealTree | `-- json3@3.3.2
41 silly idealTree +-- socket.io@1.4.7
41 silly idealTree +-- source-map@0.5.6
41 silly idealTree +-- statuses@1.3.0
41 silly idealTree +-- string_decoder@0.10.31
41 silly idealTree +-- tmp@0.0.28
41 silly idealTree +-- to-array@0.1.4
41 silly idealTree +-- type-is@1.6.13
41 silly idealTree +-- ultron@1.0.2
41 silly idealTree +-- unpipe@1.0.0
41 silly idealTree +-- useragent@2.1.9
41 silly idealTree | `-- lru-cache@2.2.4
41 silly idealTree +-- utf8@2.1.0
41 silly idealTree +-- util-deprecate@1.0.2
41 silly idealTree +-- utils-merge@1.0.0
41 silly idealTree +-- void-elements@2.0.1
41 silly idealTree +-- which@1.2.10
41 silly idealTree +-- wordwrap@0.0.3
41 silly idealTree +-- wrappy@1.0.2
41 silly idealTree +-- ws@1.0.1
41 silly idealTree +-- xmlhttprequest-ssl@1.5.1
41 silly idealTree `-- yeast@0.1.2
42 silly generateActionsToTake Starting
43 silly install generateActionsToTake
44 silly generateActionsToTake Finishing
45 silly diffTrees action count 0
46 silly decomposeActions action count 0
47 silly executeActions Starting
48 silly install executeActions
49 silly doSerial global-install 0
50 silly doParallel fetch 0
51 verbose correctMkdir C:\Users\Training\AppData\Roaming\npm-cache\_locks correctMkdir not in flight; initializing
52 verbose lock using C:\Users\Training\AppData\Roaming\npm-cache\_locks\staging-c386893e8cde424d.lock for C:\Users\Training\Documents\Projects\seedStarter\node_modules\.staging
53 silly doParallel extract 0
54 silly doParallel preinstall 0
55 silly doReverseSerial remove 0
56 silly doSerial move 0
57 silly doSerial finalize 0
58 silly doSerial build 0
59 silly doSerial global-link 0
60 silly doParallel update-linked 0
61 silly doSerial install 0
62 silly doSerial postinstall 0
63 verbose unlock done using C:\Users\Training\AppData\Roaming\npm-cache\_locks\staging-c386893e8cde424d.lock for C:\Users\Training\Documents\Projects\seedStarter\node_modules\.staging
64 silly executeActions Finishing
65 silly rollbackFailedOptional Starting
66 silly rollbackFailedOptional Finishing
67 silly runTopLevelLifecycles Starting
68 silly install runTopLevelLifecycles
69 silly preinstall romannumerals@1.0.0 C:\Users\Training\Documents\Projects\seedStarter\romannumerals-8e94d9a4
70 info lifecycle romannumerals@1.0.0~preinstall: romannumerals@1.0.0
71 silly lifecycle romannumerals@1.0.0~preinstall: no script for preinstall, continuing
72 silly build romannumerals@1.0.0
73 info linkStuff romannumerals@1.0.0
74 silly linkStuff romannumerals@1.0.0 has C:\Users\Training\Documents\Projects as its parent node_modules
75 verbose linkBins romannumerals@1.0.0
76 verbose linkMans romannumerals@1.0.0
77 silly install romannumerals@1.0.0 C:\Users\Training\Documents\Projects\seedStarter\romannumerals-8e94d9a4
78 info lifecycle romannumerals@1.0.0~install: romannumerals@1.0.0
79 silly lifecycle romannumerals@1.0.0~install: no script for install, continuing
80 silly postinstall romannumerals@1.0.0 C:\Users\Training\Documents\Projects\seedStarter\romannumerals-8e94d9a4
81 info lifecycle romannumerals@1.0.0~postinstall: romannumerals@1.0.0
82 verbose lifecycle romannumerals@1.0.0~postinstall: unsafe-perm in lifecycle true
83 verbose lifecycle romannumerals@1.0.0~postinstall: PATH: C:\Program Files\nodejs\node_modules\npm\bin\node-gyp-bin;C:\Users\Training\Documents\Projects\seedStarter\node_modules\.bin;C:\Program Files\nodejs;C:\ProgramData\Oracle\Java\javapath;C:\Windows\system32;C:\Windows;C:\Windows\System32\Wbem;C:\Windows\System32\WindowsPowerShell\v1.0\;C:\Program Files\nodejs\;C:\Program Files\Git\cmd;C:\Users\Training\AppData\Roaming\npm;C:\Users\Training\AppData\Local\atom\bin
84 verbose lifecycle romannumerals@1.0.0~postinstall: CWD: C:\Users\Training\Documents\Projects\seedStarter
85 silly lifecycle romannumerals@1.0.0~postinstall: Args: [ '/d /s /c', 'bower install' ]
86 silly lifecycle romannumerals@1.0.0~postinstall: Returned: code: 1  signal: null
87 info lifecycle romannumerals@1.0.0~postinstall: Failed to exec postinstall script
88 warn optional Skipping failed optional dependency /chokidar/fsevents:
89 warn notsup Not compatible with your operating system or architecture: fsevents@1.0.14
90 warn enoent ENOENT: no such file or directory, open 'C:\Users\Training\Documents\Projects\seedStarter\node_modules\log4js\package.json'
91 warn enoent ENOENT: no such file or directory, open 'C:\Users\Training\Documents\Projects\seedStarter\node_modules\engine.io-parser\package.json'
92 warn romannumerals@1.0.0 No description
93 warn romannumerals@1.0.0 No repository field.
94 verbose stack Error: romannumerals@1.0.0 postinstall: `bower install`
94 verbose stack Exit status 1
94 verbose stack     at EventEmitter.<anonymous> (C:\Program Files\nodejs\node_modules\npm\lib\utils\lifecycle.js:242:16)
94 verbose stack     at emitTwo (events.js:106:13)
94 verbose stack     at EventEmitter.emit (events.js:191:7)
94 verbose stack     at ChildProcess.<anonymous> (C:\Program Files\nodejs\node_modules\npm\lib\utils\spawn.js:40:14)
94 verbose stack     at emitTwo (events.js:106:13)
94 verbose stack     at ChildProcess.emit (events.js:191:7)
94 verbose stack     at maybeClose (internal/child_process.js:852:16)
94 verbose stack     at Process.ChildProcess._handle.onexit (internal/child_process.js:215:5)
95 verbose pkgid romannumerals@1.0.0
96 verbose cwd C:\Users\Training\Documents\Projects\seedStarter
97 error Windows_NT 6.1.7601
98 error argv "C:\\Program Files\\nodejs\\node.exe" "C:\\Program Files\\nodejs\\node_modules\\npm\\bin\\npm-cli.js" "install"
99 error node v6.3.1
100 error npm  v3.10.3
101 error code ELIFECYCLE
102 error romannumerals@1.0.0 postinstall: `bower install`
102 error Exit status 1
103 error Failed at the romannumerals@1.0.0 postinstall script 'bower install'.
103 error Make sure you have the latest version of node.js and npm installed.
103 error If you do, this is most likely a problem with the romannumerals package,
103 error not with npm itself.
103 error Tell the author that this fails on your system:
103 error     bower install
103 error You can get information on how to open an issue for this project with:
103 error     npm bugs romannumerals
103 error Or if that isn't available, you can get their info via:
103 error     npm owner ls romannumerals
103 error There is likely additional logging output above.
104 verbose exit [ 1, true ]
